ARM GAS  /tmp/ccdKmbKN.s 			page 1


   1              		.cpu cortex-m3
   2              		.eabi_attribute 20, 1
   3              		.eabi_attribute 21, 1
   4              		.eabi_attribute 23, 3
   5              		.eabi_attribute 24, 1
   6              		.eabi_attribute 25, 1
   7              		.eabi_attribute 26, 1
   8              		.eabi_attribute 30, 1
   9              		.eabi_attribute 34, 1
  10              		.eabi_attribute 18, 4
  11              		.file	"spi.c"
  12              		.text
  13              	.Ltext0:
  14              		.cfi_sections	.debug_frame
  15              		.section	.text.MX_SPI1_Init,"ax",%progbits
  16              		.align	1
  17              		.global	MX_SPI1_Init
  18              		.syntax unified
  19              		.thumb
  20              		.thumb_func
  21              		.fpu softvfp
  23              	MX_SPI1_Init:
  24              	.LFB66:
  25              		.file 1 "Src/spi.c"
   1:Src/spi.c     **** /**
   2:Src/spi.c     ****   ******************************************************************************
   3:Src/spi.c     ****   * File Name          : SPI.c
   4:Src/spi.c     ****   * Description        : This file provides code for the configuration
   5:Src/spi.c     ****   *                      of the SPI instances.
   6:Src/spi.c     ****   ******************************************************************************
   7:Src/spi.c     ****   ** This notice applies to any and all portions of this file
   8:Src/spi.c     ****   * that are not between comment pairs USER CODE BEGIN and
   9:Src/spi.c     ****   * USER CODE END. Other portions of this file, whether 
  10:Src/spi.c     ****   * inserted by the user or by software development tools
  11:Src/spi.c     ****   * are owned by their respective copyright owners.
  12:Src/spi.c     ****   *
  13:Src/spi.c     ****   * COPYRIGHT(c) 2018 STMicroelectronics
  14:Src/spi.c     ****   *
  15:Src/spi.c     ****   * Redistribution and use in source and binary forms, with or without modification,
  16:Src/spi.c     ****   * are permitted provided that the following conditions are met:
  17:Src/spi.c     ****   *   1. Redistributions of source code must retain the above copyright notice,
  18:Src/spi.c     ****   *      this list of conditions and the following disclaimer.
  19:Src/spi.c     ****   *   2. Redistributions in binary form must reproduce the above copyright notice,
  20:Src/spi.c     ****   *      this list of conditions and the following disclaimer in the documentation
  21:Src/spi.c     ****   *      and/or other materials provided with the distribution.
  22:Src/spi.c     ****   *   3. Neither the name of STMicroelectronics nor the names of its contributors
  23:Src/spi.c     ****   *      may be used to endorse or promote products derived from this software
  24:Src/spi.c     ****   *      without specific prior written permission.
  25:Src/spi.c     ****   *
  26:Src/spi.c     ****   * THIS SOFTWARE IS PROVIDED BY THE COPYRIGHT HOLDERS AND CONTRIBUTORS "AS IS"
  27:Src/spi.c     ****   * AND ANY EXPRESS OR IMPLIED WARRANTIES, INCLUDING, BUT NOT LIMITED TO, THE
  28:Src/spi.c     ****   * IMPLIED WARRANTIES OF MERCHANTABILITY AND FITNESS FOR A PARTICULAR PURPOSE ARE
  29:Src/spi.c     ****   * DISCLAIMED. IN NO EVENT SHALL THE COPYRIGHT HOLDER OR CONTRIBUTORS BE LIABLE
  30:Src/spi.c     ****   * FOR ANY DIRECT, INDIRECT, INCIDENTAL, SPECIAL, EXEMPLARY, OR CONSEQUENTIAL
  31:Src/spi.c     ****   * DAMAGES (INCLUDING, BUT NOT LIMITED TO, PROCUREMENT OF SUBSTITUTE GOODS OR
  32:Src/spi.c     ****   * SERVICES; LOSS OF USE, DATA, OR PROFITS; OR BUSINESS INTERRUPTION) HOWEVER
  33:Src/spi.c     ****   * CAUSED AND ON ANY THEORY OF LIABILITY, WHETHER IN CONTRACT, STRICT LIABILITY,
ARM GAS  /tmp/ccdKmbKN.s 			page 2


  34:Src/spi.c     ****   * OR TORT (INCLUDING NEGLIGENCE OR OTHERWISE) ARISING IN ANY WAY OUT OF THE USE
  35:Src/spi.c     ****   * OF THIS SOFTWARE, EVEN IF ADVISED OF THE POSSIBILITY OF SUCH DAMAGE.
  36:Src/spi.c     ****   *
  37:Src/spi.c     ****   ******************************************************************************
  38:Src/spi.c     ****   */
  39:Src/spi.c     **** 
  40:Src/spi.c     **** /* Includes ------------------------------------------------------------------*/
  41:Src/spi.c     **** #include "spi.h"
  42:Src/spi.c     **** 
  43:Src/spi.c     **** #include "gpio.h"
  44:Src/spi.c     **** 
  45:Src/spi.c     **** /* USER CODE BEGIN 0 */
  46:Src/spi.c     **** 
  47:Src/spi.c     **** /* USER CODE END 0 */
  48:Src/spi.c     **** 
  49:Src/spi.c     **** SPI_HandleTypeDef hspi1;
  50:Src/spi.c     **** 
  51:Src/spi.c     **** /* SPI1 init function */
  52:Src/spi.c     **** void MX_SPI1_Init(void)
  53:Src/spi.c     **** {
  26              		.loc 1 53 0
  27              		.cfi_startproc
  28              		@ args = 0, pretend = 0, frame = 0
  29              		@ frame_needed = 0, uses_anonymous_args = 0
  30 0000 08B5     		push	{r3, lr}
  31              	.LCFI0:
  32              		.cfi_def_cfa_offset 8
  33              		.cfi_offset 3, -8
  34              		.cfi_offset 14, -4
  54:Src/spi.c     **** 
  55:Src/spi.c     ****   hspi1.Instance = SPI1;
  35              		.loc 1 55 0
  36 0002 0E48     		ldr	r0, .L5
  37 0004 0E4B     		ldr	r3, .L5+4
  38 0006 0360     		str	r3, [r0]
  56:Src/spi.c     ****   hspi1.Init.Mode = SPI_MODE_MASTER;
  39              		.loc 1 56 0
  40 0008 4FF48273 		mov	r3, #260
  41 000c 4360     		str	r3, [r0, #4]
  57:Src/spi.c     ****   hspi1.Init.Direction = SPI_DIRECTION_2LINES;
  42              		.loc 1 57 0
  43 000e 0023     		movs	r3, #0
  44 0010 8360     		str	r3, [r0, #8]
  58:Src/spi.c     ****   hspi1.Init.DataSize = SPI_DATASIZE_8BIT;
  45              		.loc 1 58 0
  46 0012 C360     		str	r3, [r0, #12]
  59:Src/spi.c     ****   hspi1.Init.CLKPolarity = SPI_POLARITY_LOW;
  47              		.loc 1 59 0
  48 0014 0361     		str	r3, [r0, #16]
  60:Src/spi.c     ****   hspi1.Init.CLKPhase = SPI_PHASE_1EDGE;
  49              		.loc 1 60 0
  50 0016 4361     		str	r3, [r0, #20]
  61:Src/spi.c     ****   hspi1.Init.NSS = SPI_NSS_SOFT;
  51              		.loc 1 61 0
  52 0018 4FF40072 		mov	r2, #512
  53 001c 8261     		str	r2, [r0, #24]
  62:Src/spi.c     ****   hspi1.Init.BaudRatePrescaler = SPI_BAUDRATEPRESCALER_2;
ARM GAS  /tmp/ccdKmbKN.s 			page 3


  54              		.loc 1 62 0
  55 001e C361     		str	r3, [r0, #28]
  63:Src/spi.c     ****   hspi1.Init.FirstBit = SPI_FIRSTBIT_MSB;
  56              		.loc 1 63 0
  57 0020 0362     		str	r3, [r0, #32]
  64:Src/spi.c     ****   hspi1.Init.TIMode = SPI_TIMODE_DISABLE;
  58              		.loc 1 64 0
  59 0022 4362     		str	r3, [r0, #36]
  65:Src/spi.c     ****   hspi1.Init.CRCCalculation = SPI_CRCCALCULATION_DISABLE;
  60              		.loc 1 65 0
  61 0024 8362     		str	r3, [r0, #40]
  66:Src/spi.c     ****   hspi1.Init.CRCPolynomial = 10;
  62              		.loc 1 66 0
  63 0026 0A23     		movs	r3, #10
  64 0028 C362     		str	r3, [r0, #44]
  67:Src/spi.c     ****   if (HAL_SPI_Init(&hspi1) != HAL_OK)
  65              		.loc 1 67 0
  66 002a FFF7FEFF 		bl	HAL_SPI_Init
  67              	.LVL0:
  68 002e 00B9     		cbnz	r0, .L4
  69              	.L1:
  68:Src/spi.c     ****   {
  69:Src/spi.c     ****     _Error_Handler(__FILE__, __LINE__);
  70:Src/spi.c     ****   }
  71:Src/spi.c     **** 
  72:Src/spi.c     **** }
  70              		.loc 1 72 0
  71 0030 08BD     		pop	{r3, pc}
  72              	.L4:
  69:Src/spi.c     ****   }
  73              		.loc 1 69 0
  74 0032 4521     		movs	r1, #69
  75 0034 0348     		ldr	r0, .L5+8
  76 0036 FFF7FEFF 		bl	_Error_Handler
  77              	.LVL1:
  78              		.loc 1 72 0
  79 003a F9E7     		b	.L1
  80              	.L6:
  81              		.align	2
  82              	.L5:
  83 003c 00000000 		.word	hspi1
  84 0040 00300140 		.word	1073819648
  85 0044 00000000 		.word	.LC0
  86              		.cfi_endproc
  87              	.LFE66:
  89              		.section	.text.HAL_SPI_MspInit,"ax",%progbits
  90              		.align	1
  91              		.global	HAL_SPI_MspInit
  92              		.syntax unified
  93              		.thumb
  94              		.thumb_func
  95              		.fpu softvfp
  97              	HAL_SPI_MspInit:
  98              	.LFB67:
  73:Src/spi.c     **** 
  74:Src/spi.c     **** void HAL_SPI_MspInit(SPI_HandleTypeDef* spiHandle)
  75:Src/spi.c     **** {
ARM GAS  /tmp/ccdKmbKN.s 			page 4


  99              		.loc 1 75 0
 100              		.cfi_startproc
 101              		@ args = 0, pretend = 0, frame = 24
 102              		@ frame_needed = 0, uses_anonymous_args = 0
 103              	.LVL2:
  76:Src/spi.c     **** 
  77:Src/spi.c     ****   GPIO_InitTypeDef GPIO_InitStruct;
  78:Src/spi.c     ****   if(spiHandle->Instance==SPI1)
 104              		.loc 1 78 0
 105 0000 0268     		ldr	r2, [r0]
 106 0002 174B     		ldr	r3, .L14
 107 0004 9A42     		cmp	r2, r3
 108 0006 00D0     		beq	.L13
 109 0008 7047     		bx	lr
 110              	.L13:
  75:Src/spi.c     **** 
 111              		.loc 1 75 0
 112 000a 10B5     		push	{r4, lr}
 113              	.LCFI1:
 114              		.cfi_def_cfa_offset 8
 115              		.cfi_offset 4, -8
 116              		.cfi_offset 14, -4
 117 000c 86B0     		sub	sp, sp, #24
 118              	.LCFI2:
 119              		.cfi_def_cfa_offset 32
 120              	.LBB2:
  79:Src/spi.c     ****   {
  80:Src/spi.c     ****   /* USER CODE BEGIN SPI1_MspInit 0 */
  81:Src/spi.c     **** 
  82:Src/spi.c     ****   /* USER CODE END SPI1_MspInit 0 */
  83:Src/spi.c     ****     /* SPI1 clock enable */
  84:Src/spi.c     ****     __HAL_RCC_SPI1_CLK_ENABLE();
 121              		.loc 1 84 0
 122 000e 03F56043 		add	r3, r3, #57344
 123 0012 9A69     		ldr	r2, [r3, #24]
 124 0014 42F48052 		orr	r2, r2, #4096
 125 0018 9A61     		str	r2, [r3, #24]
 126 001a 9B69     		ldr	r3, [r3, #24]
 127 001c 03F48053 		and	r3, r3, #4096
 128 0020 0193     		str	r3, [sp, #4]
 129 0022 019B     		ldr	r3, [sp, #4]
 130              	.LBE2:
  85:Src/spi.c     ****   
  86:Src/spi.c     ****     /**SPI1 GPIO Configuration    
  87:Src/spi.c     ****     PB3     ------> SPI1_SCK
  88:Src/spi.c     ****     PB4     ------> SPI1_MISO
  89:Src/spi.c     ****     PB5     ------> SPI1_MOSI 
  90:Src/spi.c     ****     */
  91:Src/spi.c     ****     GPIO_InitStruct.Pin = GPIO_PIN_3|GPIO_PIN_5;
 131              		.loc 1 91 0
 132 0024 2823     		movs	r3, #40
 133 0026 0293     		str	r3, [sp, #8]
  92:Src/spi.c     ****     GPIO_InitStruct.Mode = GPIO_MODE_AF_PP;
 134              		.loc 1 92 0
 135 0028 0223     		movs	r3, #2
 136 002a 0393     		str	r3, [sp, #12]
  93:Src/spi.c     ****     GPIO_InitStruct.Speed = GPIO_SPEED_FREQ_HIGH;
ARM GAS  /tmp/ccdKmbKN.s 			page 5


 137              		.loc 1 93 0
 138 002c 0323     		movs	r3, #3
 139 002e 0593     		str	r3, [sp, #20]
  94:Src/spi.c     ****     HAL_GPIO_Init(GPIOB, &GPIO_InitStruct);
 140              		.loc 1 94 0
 141 0030 0C4C     		ldr	r4, .L14+4
 142 0032 02A9     		add	r1, sp, #8
 143 0034 2046     		mov	r0, r4
 144              	.LVL3:
 145 0036 FFF7FEFF 		bl	HAL_GPIO_Init
 146              	.LVL4:
  95:Src/spi.c     **** 
  96:Src/spi.c     ****     GPIO_InitStruct.Pin = GPIO_PIN_4;
 147              		.loc 1 96 0
 148 003a 1023     		movs	r3, #16
 149 003c 0293     		str	r3, [sp, #8]
  97:Src/spi.c     ****     GPIO_InitStruct.Mode = GPIO_MODE_INPUT;
 150              		.loc 1 97 0
 151 003e 0023     		movs	r3, #0
 152 0040 0393     		str	r3, [sp, #12]
  98:Src/spi.c     ****     GPIO_InitStruct.Pull = GPIO_NOPULL;
 153              		.loc 1 98 0
 154 0042 0493     		str	r3, [sp, #16]
  99:Src/spi.c     ****     HAL_GPIO_Init(GPIOB, &GPIO_InitStruct);
 155              		.loc 1 99 0
 156 0044 02A9     		add	r1, sp, #8
 157 0046 2046     		mov	r0, r4
 158 0048 FFF7FEFF 		bl	HAL_GPIO_Init
 159              	.LVL5:
 160              	.LBB3:
 100:Src/spi.c     **** 
 101:Src/spi.c     ****     __HAL_AFIO_REMAP_SPI1_ENABLE();
 161              		.loc 1 101 0
 162 004c 064A     		ldr	r2, .L14+8
 163 004e 5368     		ldr	r3, [r2, #4]
 164              	.LVL6:
 165 0050 43F0E063 		orr	r3, r3, #117440512
 166              	.LVL7:
 167 0054 43F00103 		orr	r3, r3, #1
 168              	.LVL8:
 169 0058 5360     		str	r3, [r2, #4]
 170              	.LBE3:
 102:Src/spi.c     **** 
 103:Src/spi.c     ****   /* USER CODE BEGIN SPI1_MspInit 1 */
 104:Src/spi.c     **** 
 105:Src/spi.c     ****   /* USER CODE END SPI1_MspInit 1 */
 106:Src/spi.c     ****   }
 107:Src/spi.c     **** }
 171              		.loc 1 107 0
 172 005a 06B0     		add	sp, sp, #24
 173              	.LCFI3:
 174              		.cfi_def_cfa_offset 8
 175              		@ sp needed
 176 005c 10BD     		pop	{r4, pc}
 177              	.L15:
 178 005e 00BF     		.align	2
 179              	.L14:
ARM GAS  /tmp/ccdKmbKN.s 			page 6


 180 0060 00300140 		.word	1073819648
 181 0064 000C0140 		.word	1073810432
 182 0068 00000140 		.word	1073807360
 183              		.cfi_endproc
 184              	.LFE67:
 186              		.section	.text.HAL_SPI_MspDeInit,"ax",%progbits
 187              		.align	1
 188              		.global	HAL_SPI_MspDeInit
 189              		.syntax unified
 190              		.thumb
 191              		.thumb_func
 192              		.fpu softvfp
 194              	HAL_SPI_MspDeInit:
 195              	.LFB68:
 108:Src/spi.c     **** 
 109:Src/spi.c     **** void HAL_SPI_MspDeInit(SPI_HandleTypeDef* spiHandle)
 110:Src/spi.c     **** {
 196              		.loc 1 110 0
 197              		.cfi_startproc
 198              		@ args = 0, pretend = 0, frame = 0
 199              		@ frame_needed = 0, uses_anonymous_args = 0
 200              	.LVL9:
 201 0000 08B5     		push	{r3, lr}
 202              	.LCFI4:
 203              		.cfi_def_cfa_offset 8
 204              		.cfi_offset 3, -8
 205              		.cfi_offset 14, -4
 111:Src/spi.c     **** 
 112:Src/spi.c     ****   if(spiHandle->Instance==SPI1)
 206              		.loc 1 112 0
 207 0002 0268     		ldr	r2, [r0]
 208 0004 064B     		ldr	r3, .L20
 209 0006 9A42     		cmp	r2, r3
 210 0008 00D0     		beq	.L19
 211              	.LVL10:
 212              	.L16:
 113:Src/spi.c     ****   {
 114:Src/spi.c     ****   /* USER CODE BEGIN SPI1_MspDeInit 0 */
 115:Src/spi.c     **** 
 116:Src/spi.c     ****   /* USER CODE END SPI1_MspDeInit 0 */
 117:Src/spi.c     ****     /* Peripheral clock disable */
 118:Src/spi.c     ****     __HAL_RCC_SPI1_CLK_DISABLE();
 119:Src/spi.c     ****   
 120:Src/spi.c     ****     /**SPI1 GPIO Configuration    
 121:Src/spi.c     ****     PB3     ------> SPI1_SCK
 122:Src/spi.c     ****     PB4     ------> SPI1_MISO
 123:Src/spi.c     ****     PB5     ------> SPI1_MOSI 
 124:Src/spi.c     ****     */
 125:Src/spi.c     ****     HAL_GPIO_DeInit(GPIOB, GPIO_PIN_3|GPIO_PIN_4|GPIO_PIN_5);
 126:Src/spi.c     **** 
 127:Src/spi.c     ****   /* USER CODE BEGIN SPI1_MspDeInit 1 */
 128:Src/spi.c     **** 
 129:Src/spi.c     ****   /* USER CODE END SPI1_MspDeInit 1 */
 130:Src/spi.c     ****   }
 131:Src/spi.c     **** } 
 213              		.loc 1 131 0
 214 000a 08BD     		pop	{r3, pc}
ARM GAS  /tmp/ccdKmbKN.s 			page 7


 215              	.LVL11:
 216              	.L19:
 118:Src/spi.c     ****   
 217              		.loc 1 118 0
 218 000c 054A     		ldr	r2, .L20+4
 219 000e 9369     		ldr	r3, [r2, #24]
 220 0010 23F48053 		bic	r3, r3, #4096
 221 0014 9361     		str	r3, [r2, #24]
 125:Src/spi.c     **** 
 222              		.loc 1 125 0
 223 0016 3821     		movs	r1, #56
 224 0018 0348     		ldr	r0, .L20+8
 225              	.LVL12:
 226 001a FFF7FEFF 		bl	HAL_GPIO_DeInit
 227              	.LVL13:
 228              		.loc 1 131 0
 229 001e F4E7     		b	.L16
 230              	.L21:
 231              		.align	2
 232              	.L20:
 233 0020 00300140 		.word	1073819648
 234 0024 00100240 		.word	1073876992
 235 0028 000C0140 		.word	1073810432
 236              		.cfi_endproc
 237              	.LFE68:
 239              		.comm	hspi1,88,4
 240              		.section	.rodata.MX_SPI1_Init.str1.4,"aMS",%progbits,1
 241              		.align	2
 242              	.LC0:
 243 0000 5372632F 		.ascii	"Src/spi.c\000"
 243      7370692E 
 243      6300
 244              		.text
 245              	.Letext0:
 246              		.file 2 "/home/logic/STM32Toolchain/gcc-arm-none-eabi-7-2018-q2-update/arm-none-eabi/include/machi
 247              		.file 3 "/home/logic/STM32Toolchain/gcc-arm-none-eabi-7-2018-q2-update/arm-none-eabi/include/sys/_
 248              		.file 4 "Drivers/CMSIS/Include/core_cm3.h"
 249              		.file 5 "Drivers/CMSIS/Device/ST/STM32F1xx/Include/system_stm32f1xx.h"
 250              		.file 6 "Drivers/CMSIS/Device/ST/STM32F1xx/Include/stm32f103xb.h"
 251              		.file 7 "/home/logic/STM32Toolchain/gcc-arm-none-eabi-7-2018-q2-update/arm-none-eabi/include/sys/l
 252              		.file 8 "/home/logic/STM32Toolchain/gcc-arm-none-eabi-7-2018-q2-update/arm-none-eabi/include/sys/_
 253              		.file 9 "/home/logic/STM32Toolchain/gcc-arm-none-eabi-7-2018-q2-update/lib/gcc/arm-none-eabi/7.3.1
 254              		.file 10 "/home/logic/STM32Toolchain/gcc-arm-none-eabi-7-2018-q2-update/arm-none-eabi/include/sys/
 255              		.file 11 "Drivers/STM32F1xx_HAL_Driver/Inc/stm32f1xx_hal_def.h"
 256              		.file 12 "Drivers/STM32F1xx_HAL_Driver/Inc/stm32f1xx_hal_gpio.h"
 257              		.file 13 "Drivers/STM32F1xx_HAL_Driver/Inc/stm32f1xx_hal_dma.h"
 258              		.file 14 "Drivers/STM32F1xx_HAL_Driver/Inc/stm32f1xx_hal_spi.h"
 259              		.file 15 "Inc/spi.h"
ARM GAS  /tmp/ccdKmbKN.s 			page 8


DEFINED SYMBOLS
                            *ABS*:0000000000000000 spi.c
     /tmp/ccdKmbKN.s:16     .text.MX_SPI1_Init:0000000000000000 $t
     /tmp/ccdKmbKN.s:23     .text.MX_SPI1_Init:0000000000000000 MX_SPI1_Init
     /tmp/ccdKmbKN.s:83     .text.MX_SPI1_Init:000000000000003c $d
                            *COM*:0000000000000058 hspi1
     /tmp/ccdKmbKN.s:90     .text.HAL_SPI_MspInit:0000000000000000 $t
     /tmp/ccdKmbKN.s:97     .text.HAL_SPI_MspInit:0000000000000000 HAL_SPI_MspInit
     /tmp/ccdKmbKN.s:180    .text.HAL_SPI_MspInit:0000000000000060 $d
     /tmp/ccdKmbKN.s:187    .text.HAL_SPI_MspDeInit:0000000000000000 $t
     /tmp/ccdKmbKN.s:194    .text.HAL_SPI_MspDeInit:0000000000000000 HAL_SPI_MspDeInit
     /tmp/ccdKmbKN.s:233    .text.HAL_SPI_MspDeInit:0000000000000020 $d
     /tmp/ccdKmbKN.s:241    .rodata.MX_SPI1_Init.str1.4:0000000000000000 $d

UNDEFINED SYMBOLS
HAL_SPI_Init
_Error_Handler
HAL_GPIO_Init
HAL_GPIO_DeInit
